<?xml version="1.0" encoding="utf-8"?><testsuites name="pytest tests"><testsuite name="pytest" errors="0" failures="0" skipped="0" tests="39" time="11.788" timestamp="2026-07-02T13:00:02.469565+00:00" hostname="agent-env-9d10a9e2-a798-446b-9893-37f1728baf9c"><testcase classname="tests.backend_test.TestAuth" name="test_root_alive" time="0.156" /><testcase classname="tests.backend_test.TestAuth" name="test_login_admin" time="0.341" /><testcase classname="tests.backend_test.TestAuth" name="test_login_cliente" time="0.330" /><testcase classname="tests.backend_test.TestAuth" name="test_login_wrong_password" time="0.322" /><testcase classname="tests.backend_test.TestAuth" name="test_me_requires_auth" time="0.126" /><testcase classname="tests.backend_test.TestAuth" name="test_me_admin" time="0.370" /><testcase classname="tests.backend_test.TestDashboard" name="test_admin_stats" time="0.055" /><testcase classname="tests.backend_test.TestDashboard" name="test_cliente_stats_no_clienti_count" time="0.367" /><testcase classname="tests.backend_test.TestMultiTenancy" name="test_cliente_cannot_list_clienti" time="0.051" /><testcase classname="tests.backend_test.TestMultiTenancy" name="test_cliente_only_sees_own_referenze" time="0.113" /><testcase classname="tests.backend_test.TestMultiTenancy" name="test_cliente_only_sees_own_entrate" time="0.051" /><testcase classname="tests.backend_test.TestReferenze" name="test_cliente_create_and_get" time="0.099" /><testcase classname="tests.backend_test.TestReferenze" name="test_import_csv_ok" time="0.074" /><testcase classname="tests.backend_test.TestReferenze" name="test_import_csv_missing_ean_column" time="0.074" /><testcase classname="tests.backend_test.TestEntrateBoxFlow" name="test_full_flow_entrata_box" time="0.599" /><testcase classname="tests.backend_test.TestEntrateBoxFlow" name="test_cliente_gets_403_on_admin_actions" time="0.339" /><testcase classname="tests.backend_test.TestEtichette" name="test_formati" time="0.047" /><testcase classname="tests.backend_test.TestEtichette" name="test_genera_pdf_ok" time="0.055" /><testcase classname="tests.backend_test.TestEtichette" name="test_genera_invalid_fnsku" time="0.046" /><testcase classname="tests.backend_test.TestEtichette" name="test_cliente_cannot_generate" time="0.047" /><testcase classname="tests.backend_test.TestClienti" name="test_admin_create_cliente_and_login" time="0.594" /><testcase classname="tests.backend_test.TestClienti" name="test_admin_create_cliente_duplicate" time="0.047" /><testcase classname="tests.test_auth_refresh_deeplink" name="test_login_sets_cookies_and_me_works" time="0.404" /><testcase classname="tests.test_auth_refresh_deeplink" name="test_refresh_endpoint_renews_access_token" time="1.471" /><testcase classname="tests.test_auth_refresh_deeplink" name="test_refresh_without_refresh_token_returns_401" time="0.140" /><testcase classname="tests.test_auth_refresh_deeplink" name="test_refresh_rejects_access_token_as_refresh" time="0.431" /><testcase classname="tests.test_auth_refresh_deeplink" name="test_expired_access_with_valid_refresh_allows_recovery" time="0.583" /><testcase classname="tests.test_auth_refresh_deeplink" name="test_deeplink_entrata_altro_cliente_returns_403" time="0.369" /><testcase classname="tests.test_auth_refresh_deeplink" name="test_deeplink_entrata_inesistente_returns_404" time="0.379" /><testcase classname="tests.test_auth_refresh_deeplink" name="test_deeplink_preparazione_inesistente_returns_404" time="0.378" /><testcase classname="tests.test_auth_refresh_deeplink" name="test_admin_login_and_endpoints" time="0.552" /><testcase classname="tests.test_auth_refresh_deeplink" name="test_cliente_endpoints_ok" time="0.508" /><testcase classname="tests.test_auth_refresh_deeplink" name="test_no_infinite_loop_on_refresh_failure" time="0.189" /><testcase classname="tests.test_magazzino_preparazioni.TestMagazzino" name="test_cliente_magazzino_shape" time="0.382" /><testcase classname="tests.test_magazzino_preparazioni.TestMagazzino" name="test_admin_requires_cliente_id" time="0.365" /><testcase classname="tests.test_magazzino_preparazioni.TestMagazzino" name="test_admin_with_cliente_id_ok" time="0.047" /><testcase classname="tests.test_magazzino_preparazioni.TestPreparazioniFullFlow" name="test_full_prep_flow" time="0.891" /><testcase classname="tests.test_magazzino_preparazioni.TestPreparazioniFullFlow" name="test_cliente_cannot_change_prep_stato" time="0.215" /><testcase classname="tests.test_magazzino_preparazioni.TestPreparazioniFullFlow" name="test_multi_tenant_prep_isolation" time="0.093" /></testsuite></testsuites>