<?xml version="1.0" encoding="utf-8"?><testsuites name="pytest tests"><testsuite name="pytest" errors="0" failures="0" skipped="0" tests="3" time="1.967" timestamp="2026-07-02T13:32:09.925365+00:00" hostname="agent-env-9d10a9e2-a798-446b-9893-37f1728baf9c"><testcase classname="tests.test_box_multi_referenza" name="test_referenze_endpoint_admin_filter_by_cliente" time="0.955" /><testcase classname="tests.test_box_multi_referenza" name="test_create_box_multi_referenza_persists_two_items" time="0.211" /><testcase classname="tests.test_box_multi_referenza" name="test_create_box_third_ean_without_fnsku" time="0.174" /></testsuite></testsuites>