<?xml version="1.0" encoding="utf-8"?><testsuites name="pytest tests"><testsuite name="pytest" errors="0" failures="0" skipped="0" tests="6" time="2.970" timestamp="2026-07-02T11:20:24.819708+00:00" hostname="agent-env-9d10a9e2-a798-446b-9893-37f1728baf9c"><testcase classname="tests.test_magazzino_preparazioni.TestMagazzino" name="test_cliente_magazzino_shape" time="0.728" /><testcase classname="tests.test_magazzino_preparazioni.TestPreparazioniFullFlow" name="test_full_prep_flow" time="2.174" /><testcase classname="tests.test_magazzino_preparazioni.TestMagazzino" name="test_admin_requires_cliente_id" time="0.576" /><testcase classname="tests.test_magazzino_preparazioni.TestMagazzino" name="test_admin_with_cliente_id_ok" time="0.044" /><testcase classname="tests.test_magazzino_preparazioni.TestPreparazioniFullFlow" name="test_cliente_cannot_change_prep_stato" time="0.176" /><testcase classname="tests.test_magazzino_preparazioni.TestPreparazioniFullFlow" name="test_multi_tenant_prep_isolation" time="0.097" /></testsuite></testsuites>