<?xml version="1.0" encoding="utf-8"?><testsuites name="pytest tests"><testsuite name="pytest" errors="0" failures="1" skipped="0" tests="11" time="5.758" timestamp="2026-07-02T12:59:17.406630+00:00" hostname="agent-env-9d10a9e2-a798-446b-9893-37f1728baf9c"><testcase classname="tests.test_auth_refresh_deeplink" name="test_login_sets_cookies_and_me_works" time="0.550" /><testcase classname="tests.test_auth_refresh_deeplink" name="test_refresh_endpoint_renews_access_token" time="1.458" /><testcase classname="tests.test_auth_refresh_deeplink" name="test_refresh_without_refresh_token_returns_401" time="0.152" /><testcase classname="tests.test_auth_refresh_deeplink" name="test_refresh_rejects_access_token_as_refresh" time="0.500" /><testcase classname="tests.test_auth_refresh_deeplink" name="test_expired_access_with_valid_refresh_allows_recovery" time="0.500"><failure message="assert 401 == 200&#10; +  where 401 = &lt;Response [401]&gt;.status_code">backend/tests/test_auth_refresh_deeplink.py:92: in test_expired_access_with_valid_refresh_allows_recovery
    assert r3.status_code == 200
E   assert 401 == 200
E    +  where 401 = &lt;Response [401]&gt;.status_code</failure></testcase><testcase classname="tests.test_auth_refresh_deeplink" name="test_deeplink_entrata_altro_cliente_returns_403" time="0.377" /><testcase classname="tests.test_auth_refresh_deeplink" name="test_deeplink_entrata_inesistente_returns_404" time="0.374" /><testcase classname="tests.test_auth_refresh_deeplink" name="test_deeplink_preparazione_inesistente_returns_404" time="0.402" /><testcase classname="tests.test_auth_refresh_deeplink" name="test_admin_login_and_endpoints" time="0.546" /><testcase classname="tests.test_auth_refresh_deeplink" name="test_cliente_endpoints_ok" time="0.518" /><testcase classname="tests.test_auth_refresh_deeplink" name="test_no_infinite_loop_on_refresh_failure" time="0.285" /></testsuite></testsuites>