<?xml version="1.0" encoding="utf-8"?><testsuites name="pytest tests"><testsuite name="pytest" errors="0" failures="0" skipped="0" tests="6" time="3.011" timestamp="2026-07-02T13:54:37.519899+00:00" hostname="agent-env-9d10a9e2-a798-446b-9893-37f1728baf9c"><testcase classname="tests.test_magazzino_preparazioni.TestMagazzino" name="test_cliente_magazzino_shape" time="0.875" /><testcase classname="tests.test_magazzino_preparazioni.TestPreparazioniFullFlow" name="test_full_prep_flow" time="2.056" /><testcase classname="tests.test_magazzino_preparazioni.TestMagazzino" name="test_admin_requires_cliente_id" time="0.377" /><testcase classname="tests.test_magazzino_preparazioni.TestMagazzino" name="test_admin_with_cliente_id_ok" time="0.051" /><testcase classname="tests.test_magazzino_preparazioni.TestPreparazioniFullFlow" name="test_cliente_cannot_change_prep_stato" time="0.215" /><testcase classname="tests.test_magazzino_preparazioni.TestPreparazioniFullFlow" name="test_multi_tenant_prep_isolation" time="0.117" /></testsuite></testsuites>