<?xml version="1.0" encoding="utf-8"?><testsuites name="pytest tests"><testsuite name="pytest" errors="2" failures="0" skipped="0" tests="38" time="8.291" timestamp="2026-07-02T13:32:18.217924+00:00" hostname="agent-env-9d10a9e2-a798-446b-9893-37f1728baf9c"><testcase classname="" name="tests.test_magazzino_preparazioni" time="0.000"><error message="collection failure">E   AttributeError: 'NoneType' object has no attribute 'rstrip'</error><error message="collection failure">E   AttributeError: 'NoneType' object has no attribute 'rstrip'</error></testcase><testcase classname="tests.backend_test.TestAuth" name="test_root_alive" time="0.374" /><testcase classname="tests.test_auth_refresh_deeplink" name="test_login_sets_cookies_and_me_works" time="0.422" /><testcase classname="tests.backend_test.TestAuth" name="test_login_admin" time="0.364" /><testcase classname="tests.test_auth_refresh_deeplink" name="test_refresh_endpoint_renews_access_token" time="1.701" /><testcase classname="tests.backend_test.TestAuth" name="test_login_cliente" time="0.532" /><testcase classname="tests.backend_test.TestAuth" name="test_login_wrong_password" time="0.337" /><testcase classname="tests.backend_test.TestAuth" name="test_me_requires_auth" time="0.107" /><testcase classname="tests.backend_test.TestAuth" name="test_me_admin" time="0.398" /><testcase classname="tests.backend_test.TestEtichette" name="test_formati" time="0.050" /><testcase classname="tests.test_auth_refresh_deeplink" name="test_refresh_without_refresh_token_returns_401" time="0.179" /><testcase classname="tests.backend_test.TestEtichette" name="test_genera_pdf_ok" time="0.055" /><testcase classname="tests.backend_test.TestEtichette" name="test_genera_invalid_fnsku" time="0.045" /><testcase classname="tests.test_auth_refresh_deeplink" name="test_refresh_rejects_access_token_as_refresh" time="0.651" /><testcase classname="tests.backend_test.TestEtichette" name="test_cliente_cannot_generate" time="0.576" /><testcase classname="tests.backend_test.TestMultiTenancy" name="test_cliente_cannot_list_clienti" time="0.049" /><testcase classname="tests.backend_test.TestMultiTenancy" name="test_cliente_only_sees_own_referenze" time="0.100" /><testcase classname="tests.test_auth_refresh_deeplink" name="test_expired_access_with_valid_refresh_allows_recovery" time="0.854" /><testcase classname="tests.backend_test.TestMultiTenancy" name="test_cliente_only_sees_own_entrate" time="0.062" /><testcase classname="tests.backend_test.TestReferenze" name="test_cliente_create_and_get" time="0.281" /><testcase classname="tests.backend_test.TestReferenze" name="test_import_csv_ok" time="0.052" /><testcase classname="tests.backend_test.TestReferenze" name="test_import_csv_missing_ean_column" time="0.088" /><testcase classname="tests.test_auth_refresh_deeplink" name="test_deeplink_entrata_altro_cliente_returns_403" time="0.565" /><testcase classname="tests.test_box_multi_referenza" name="test_referenze_endpoint_admin_filter_by_cliente" time="0.942" /><testcase classname="tests.test_auth_refresh_deeplink" name="test_deeplink_entrata_inesistente_returns_404" time="0.378" /><testcase classname="tests.test_box_multi_referenza" name="test_create_box_multi_referenza_persists_two_items" time="0.716" /><testcase classname="tests.test_auth_refresh_deeplink" name="test_deeplink_preparazione_inesistente_returns_404" time="0.422" /><testcase classname="tests.test_box_multi_referenza" name="test_create_box_third_ean_without_fnsku" time="0.410" /><testcase classname="tests.test_auth_refresh_deeplink" name="test_admin_login_and_endpoints" time="0.564" /><testcase classname="tests.backend_test.TestDashboard" name="test_admin_stats" time="0.051" /><testcase classname="tests.backend_test.TestDashboard" name="test_cliente_stats_no_clienti_count" time="0.083" /><testcase classname="tests.backend_test.TestEntrateBoxFlow" name="test_full_flow_entrata_box" time="0.894" /><testcase classname="tests.test_auth_refresh_deeplink" name="test_cliente_endpoints_ok" time="0.507" /><testcase classname="tests.test_auth_refresh_deeplink" name="test_no_infinite_loop_on_refresh_failure" time="0.269" /><testcase classname="tests.backend_test.TestEntrateBoxFlow" name="test_cliente_gets_403_on_admin_actions" time="0.360" /><testcase classname="tests.backend_test.TestClienti" name="test_admin_create_cliente_and_login" time="0.655" /><testcase classname="tests.backend_test.TestClienti" name="test_admin_create_cliente_duplicate" time="0.052" /></testsuite></testsuites>