<?xml version="1.0" encoding="utf-8"?><testsuites name="pytest tests"><testsuite name="pytest" errors="0" failures="0" skipped="0" tests="22" time="4.262" timestamp="2026-07-02T11:04:59.197042+00:00" hostname="agent-env-9d10a9e2-a798-446b-9893-37f1728baf9c"><testcase classname="tests.backend_test.TestAuth" name="test_root_alive" time="0.198" /><testcase classname="tests.backend_test.TestAuth" name="test_login_admin" time="0.483" /><testcase classname="tests.backend_test.TestEtichette" name="test_formati" time="0.680" /><testcase classname="tests.backend_test.TestEtichette" name="test_genera_pdf_ok" time="0.049" /><testcase classname="tests.backend_test.TestAuth" name="test_login_cliente" time="0.340" /><testcase classname="tests.backend_test.TestEtichette" name="test_genera_invalid_fnsku" time="0.044" /><testcase classname="tests.backend_test.TestAuth" name="test_login_wrong_password" time="0.479" /><testcase classname="tests.backend_test.TestEtichette" name="test_cliente_cannot_generate" time="0.726" /><testcase classname="tests.backend_test.TestMultiTenancy" name="test_cliente_cannot_list_clienti" time="0.041" /><testcase classname="tests.backend_test.TestAuth" name="test_me_requires_auth" time="0.101" /><testcase classname="tests.backend_test.TestMultiTenancy" name="test_cliente_only_sees_own_referenze" time="0.087" /><testcase classname="tests.backend_test.TestMultiTenancy" name="test_cliente_only_sees_own_entrate" time="0.043" /><testcase classname="tests.backend_test.TestDashboard" name="test_admin_stats" time="0.047" /><testcase classname="tests.backend_test.TestDashboard" name="test_cliente_stats_no_clienti_count" time="0.243" /><testcase classname="tests.backend_test.TestAuth" name="test_me_admin" time="0.407" /><testcase classname="tests.backend_test.TestEntrateBoxFlow" name="test_full_flow_entrata_box" time="0.810" /><testcase classname="tests.backend_test.TestReferenze" name="test_cliente_create_and_get" time="0.449" /><testcase classname="tests.backend_test.TestReferenze" name="test_import_csv_ok" time="0.046" /><testcase classname="tests.backend_test.TestReferenze" name="test_import_csv_missing_ean_column" time="0.047" /><testcase classname="tests.backend_test.TestEntrateBoxFlow" name="test_cliente_gets_403_on_admin_actions" time="0.317" /><testcase classname="tests.backend_test.TestClienti" name="test_admin_create_cliente_and_login" time="0.624" /><testcase classname="tests.backend_test.TestClienti" name="test_admin_create_cliente_duplicate" time="0.046" /></testsuite></testsuites>